Args: fteqcc
FTEQCC: Nov 11 2016
Source file: progs.src
Outputfile: ../../Main/csprogs.dat
including ../Builtins.h
including ../Globals.h
including Defs.h
including ../Shared/WeaponAK47.c
including ../Shared/WeaponAUG.c
including ../Shared/WeaponAWP.c
including ../Shared/WeaponDeagle.c
including ../Shared/WeaponElites.c
including ../Shared/WeaponFiveSeven.c
including ../Shared/WeaponG3SG1.c
including ../Shared/WeaponGlock18.c
including ../Shared/WeaponM3.c
including ../Shared/WeaponM4A1.c
including ../Shared/WeaponMac10.c
including ../Shared/WeaponMP5.c
including ../Shared/WeaponP228.c
including ../Shared/WeaponP90.c
including ../Shared/WeaponPara.c
including ../Shared/WeaponScout.c
including ../Shared/WeaponSG550.c
including ../Shared/WeaponSG552.c
including ../Shared/WeaponTMP.c
including ../Shared/WeaponUMP45.c
including ../Shared/WeaponUSP45.c
including ../Shared/WeaponXM1014.c
including ../Shared/WeaponBase.c
including ../Shared/Weapons.c
including View.c
including VGUI_Objects.c
including VGUI_MOTD.c
including VGUI_BuyMenu.c
including VGUI_TeamSelect.c
including VGUI.c
including HUD.c
including Draw.c
including Sound.c
in function CSQC_Event_Sound (line 21),
Sound.c:23: warning Q206: CSQC_Event_Sound: not all control paths return a value
including Entities.c
including Event.c
including Init.c
Compile finished: ../../Main/csprogs.dat (fte format)
Done. 1 warnings
Args: fteqcc
FTEQCC: Nov 11 2016
Source file: progs.src
Outputfile: ../../Main/csprogs.dat
including ../Builtins.h
including ../Globals.h
including Defs.h
including ../Shared/WeaponAK47.c
including ../Shared/WeaponAUG.c
including ../Shared/WeaponAWP.c
including ../Shared/WeaponDeagle.c
including ../Shared/WeaponElites.c
including ../Shared/WeaponFiveSeven.c
including ../Shared/WeaponG3SG1.c
including ../Shared/WeaponGlock18.c
including ../Shared/WeaponM3.c
including ../Shared/WeaponM4A1.c
including ../Shared/WeaponMac10.c
including ../Shared/WeaponMP5.c
including ../Shared/WeaponP228.c
including ../Shared/WeaponP90.c
including ../Shared/WeaponPara.c
including ../Shared/WeaponScout.c
including ../Shared/WeaponSG550.c
including ../Shared/WeaponSG552.c
including ../Shared/WeaponTMP.c
including ../Shared/WeaponUMP45.c
including ../Shared/WeaponUSP45.c
including ../Shared/WeaponXM1014.c
including ../Shared/WeaponBase.c
including ../Shared/Weapons.c
including View.c
including VGUI_Objects.c
including VGUI_MOTD.c
including VGUI_BuyMenu.c
including VGUI_TeamSelect.c
including VGUI.c
including HUD.c
including Draw.c
including Sound.c
in function CSQC_Event_Sound (line 21),
Sound.c:23: warning Q206: CSQC_Event_Sound: not all control paths return a value
including Entities.c
including Event.c
including Init.c
Compile finished: ../../Main/csprogs.dat (fte format)
Done. 1 warnings
Args: fteqcc
FTEQCC: Nov 11 2016
Source file: progs.src
Outputfile: ../../Main/csprogs.dat
including ../Builtins.h
including ../Globals.h
including Defs.h
including ../Shared/WeaponAK47.c
including ../Shared/WeaponAUG.c
including ../Shared/WeaponAWP.c
including ../Shared/WeaponDeagle.c
including ../Shared/WeaponElites.c
including ../Shared/WeaponFiveSeven.c
including ../Shared/WeaponG3SG1.c
including ../Shared/WeaponGlock18.c
including ../Shared/WeaponM3.c
including ../Shared/WeaponM4A1.c
including ../Shared/WeaponMac10.c
including ../Shared/WeaponMP5.c
including ../Shared/WeaponP228.c
../Shared/WeaponP228.c:53: error: redeclaration of function body
../Shared/WeaponM3.c:55:    const void() WeaponP228_Draw  is defined here
including ../Shared/WeaponP90.c
including ../Shared/WeaponPara.c
including ../Shared/WeaponScout.c
including ../Shared/WeaponSG550.c
including ../Shared/WeaponSG552.c
including ../Shared/WeaponTMP.c
including ../Shared/WeaponUMP45.c
including ../Shared/WeaponUSP45.c
including ../Shared/WeaponXM1014.c
including ../Shared/WeaponBase.c
including ../Shared/Weapons.c
including View.c
including VGUI_Objects.c
including VGUI_MOTD.c
including VGUI_BuyMenu.c
including VGUI_TeamSelect.c
including VGUI.c
including HUD.c
including Draw.c
including Sound.c
in function CSQC_Event_Sound (line 21),
Sound.c:23: warning Q206: CSQC_Event_Sound: not all control paths return a value
including Entities.c
including Event.c
including Init.c

************ ERROR ************
Errors have occured
Error in ../Shared/WeaponP228.c on line 53
Args: fteqcc
FTEQCC: Nov 11 2016
Source file: progs.src
Outputfile: ../../Main/csprogs.dat
including ../Builtins.h
including ../Globals.h
including Defs.h
including ../Shared/WeaponAK47.c
including ../Shared/WeaponAUG.c
including ../Shared/WeaponAWP.c
including ../Shared/WeaponDeagle.c
including ../Shared/WeaponElites.c
including ../Shared/WeaponFiveSeven.c
including ../Shared/WeaponG3SG1.c
including ../Shared/WeaponGlock18.c
including ../Shared/WeaponM3.c
including ../Shared/WeaponM4A1.c
including ../Shared/WeaponMac10.c
including ../Shared/WeaponMP5.c
including ../Shared/WeaponP228.c
including ../Shared/WeaponP90.c
including ../Shared/WeaponPara.c
including ../Shared/WeaponScout.c
including ../Shared/WeaponSG550.c
including ../Shared/WeaponSG552.c
including ../Shared/WeaponTMP.c
including ../Shared/WeaponUMP45.c
including ../Shared/WeaponUSP45.c
including ../Shared/WeaponXM1014.c
including ../Shared/WeaponBase.c
including ../Shared/Weapons.c
including View.c
including VGUI_Objects.c
including VGUI_MOTD.c
including VGUI_BuyMenu.c
including VGUI_TeamSelect.c
including VGUI.c
including HUD.c
including Draw.c
including Sound.c
in function CSQC_Event_Sound (line 21),
Sound.c:23: warning Q206: CSQC_Event_Sound: not all control paths return a value
including Entities.c
including Event.c
including Init.c
Compile finished: ../../Main/csprogs.dat (fte format)
Done. 1 warnings
Args: fteqcc
FTEQCC: Nov 11 2016
Source file: progs.src
Outputfile: ../../Main/csprogs.dat
including ../Builtins.h
including ../Globals.h
including Defs.h
including ../Shared/WeaponAK47.c
including ../Shared/WeaponAUG.c
including ../Shared/WeaponAWP.c
including ../Shared/WeaponDeagle.c
including ../Shared/WeaponElites.c
including ../Shared/WeaponFiveSeven.c
including ../Shared/WeaponG3SG1.c
including ../Shared/WeaponGlock18.c
including ../Shared/WeaponM3.c
including ../Shared/WeaponM4A1.c
including ../Shared/WeaponMac10.c
including ../Shared/WeaponMP5.c
including ../Shared/WeaponP228.c
including ../Shared/WeaponP90.c
including ../Shared/WeaponPara.c
including ../Shared/WeaponScout.c
including ../Shared/WeaponSG550.c
including ../Shared/WeaponSG552.c
including ../Shared/WeaponTMP.c
including ../Shared/WeaponUMP45.c
including ../Shared/WeaponUSP45.c
including ../Shared/WeaponXM1014.c
including ../Shared/WeaponBase.c
including ../Shared/Weapons.c
including View.c
including VGUI_Objects.c
including VGUI_MOTD.c
including VGUI_BuyMenu.c
including VGUI_TeamSelect.c
including VGUI.c
including HUD.c
including Draw.c
including Sound.c
in function CSQC_Event_Sound (line 21),
Sound.c:23: warning Q206: CSQC_Event_Sound: not all control paths return a value
including Entities.c
including Event.c
including Init.c
Compile finished: ../../Main/csprogs.dat (fte format)
Done. 1 warnings
Args: fteqcc
FTEQCC: Nov 11 2016
Source file: progs.src
Outputfile: ../../Main/csprogs.dat
including ../Builtins.h
including ../Globals.h
including Defs.h
including ../Shared/WeaponAK47.c
including ../Shared/WeaponAUG.c
including ../Shared/WeaponAWP.c
including ../Shared/WeaponDeagle.c
including ../Shared/WeaponElites.c
including ../Shared/WeaponFiveSeven.c
including ../Shared/WeaponG3SG1.c
including ../Shared/WeaponGlock18.c
including ../Shared/WeaponM3.c
including ../Shared/WeaponM4A1.c
including ../Shared/WeaponMac10.c
including ../Shared/WeaponMP5.c
including ../Shared/WeaponP228.c
including ../Shared/WeaponP90.c
including ../Shared/WeaponPara.c
including ../Shared/WeaponScout.c
including ../Shared/WeaponSG550.c
including ../Shared/WeaponSG552.c
including ../Shared/WeaponTMP.c
including ../Shared/WeaponUMP45.c
including ../Shared/WeaponUSP45.c
including ../Shared/WeaponXM1014.c
including ../Shared/WeaponBase.c
including ../Shared/Weapons.c
including View.c
including VGUI_Objects.c
including VGUI_MOTD.c
including VGUI_BuyMenu.c
including VGUI_TeamSelect.c
including VGUI.c
including HUD.c
including Draw.c
including Sound.c
in function CSQC_Event_Sound (line 21),
Sound.c:23: warning Q206: CSQC_Event_Sound: not all control paths return a value
including Entities.c
including Event.c
including Init.c
Compile finished: ../../Main/csprogs.dat (fte format)
Done. 1 warnings
Args: fteqcc
FTEQCC: Nov 11 2016
Source file: progs.src
Outputfile: ../../Main/csprogs.dat
including ../Builtins.h
including ../Globals.h
including Defs.h
including ../Shared/WeaponAK47.c
including ../Shared/WeaponAUG.c
including ../Shared/WeaponAWP.c
including ../Shared/WeaponDeagle.c
including ../Shared/WeaponElites.c
including ../Shared/WeaponFiveSeven.c
including ../Shared/WeaponG3SG1.c
including ../Shared/WeaponGlock18.c
including ../Shared/WeaponM3.c
including ../Shared/WeaponM4A1.c
including ../Shared/WeaponMac10.c
including ../Shared/WeaponMP5.c
including ../Shared/WeaponP228.c
including ../Shared/WeaponP90.c
including ../Shared/WeaponPara.c
including ../Shared/WeaponScout.c
including ../Shared/WeaponSG550.c
including ../Shared/WeaponSG552.c
including ../Shared/WeaponTMP.c
including ../Shared/WeaponUMP45.c
including ../Shared/WeaponUSP45.c
including ../Shared/WeaponXM1014.c
including ../Shared/WeaponBase.c
including ../Shared/Weapons.c
including View.c
including VGUI_Objects.c
including VGUI_MOTD.c
including VGUI_BuyMenu.c
including VGUI_TeamSelect.c
including VGUI.c
including HUD.c
including Draw.c
including Sound.c
in function CSQC_Event_Sound (line 21),
Sound.c:23: warning Q206: CSQC_Event_Sound: not all control paths return a value
including Entities.c
including Event.c
including Init.c
Compile finished: ../../Main/csprogs.dat (fte format)
Done. 1 warnings
Args: fteqcc
FTEQCC: Nov 11 2016
Source file: progs.src
Outputfile: ../../Main/csprogs.dat
including ../Builtins.h
including ../Globals.h
including Defs.h
including ../Shared/WeaponAK47.c
including ../Shared/WeaponAUG.c
including ../Shared/WeaponAWP.c
including ../Shared/WeaponDeagle.c
including ../Shared/WeaponElites.c
including ../Shared/WeaponFiveSeven.c
including ../Shared/WeaponG3SG1.c
including ../Shared/WeaponGlock18.c
including ../Shared/WeaponM3.c
including ../Shared/WeaponM4A1.c
including ../Shared/WeaponMac10.c
including ../Shared/WeaponMP5.c
including ../Shared/WeaponP228.c
including ../Shared/WeaponP90.c
including ../Shared/WeaponPara.c
including ../Shared/WeaponScout.c
including ../Shared/WeaponSG550.c
including ../Shared/WeaponSG552.c
including ../Shared/WeaponTMP.c
including ../Shared/WeaponUMP45.c
including ../Shared/WeaponUSP45.c
including ../Shared/WeaponXM1014.c
including ../Shared/WeaponBase.c
including ../Shared/Weapons.c
including View.c
including VGUI_Objects.c
including VGUI_MOTD.c
including VGUI_BuyMenu.c
including VGUI_TeamSelect.c
including VGUI.c
including HUD.c
including Draw.c
including Sound.c
in function CSQC_Event_Sound (line 21),
Sound.c:23: warning Q206: CSQC_Event_Sound: not all control paths return a value
including Entities.c
including Event.c
including Init.c
Compile finished: ../../Main/csprogs.dat (fte format)
Done. 1 warnings
