Args: fteqcc
FTEQCC: Nov 11 2016
Source file: progs.src

************ ERROR ************
Couldn't open file progs.src
Error in cmdline on line 0
Args: fteqcc
FTEQCC: Nov 11 2016
Source file: progs.src

************ ERROR ************
Couldn't open file progs.src
Error in cmdline on line 0
Args: fteqcc
FTEQCC: Nov 11 2016
Source file: progs.src

************ ERROR ************
Couldn't open file progs.src
Error in cmdline on line 0
Args: fteqcc
FTEQCC: Nov 11 2016
Source file: progs.src

************ ERROR ************
Couldn't open file progs.src
Error in cmdline on line 0
Args: fteqcc
FTEQCC: Nov 11 2016
Source file: progs.src

************ ERROR ************
Couldn't open file progs.src
Error in cmdline on line 0
Args: fteqcc
FTEQCC: Nov 11 2016
Source file: progs.src

************ ERROR ************
Couldn't open file progs.src
Error in cmdline on line 0
Args: fteqcc
FTEQCC: Nov 11 2016
Source file: progs.src

************ ERROR ************
Couldn't open file progs.src
Error in cmdline on line 0
Args: fteqcc
FTEQCC: Nov 11 2016
Source file: progs.src

************ ERROR ************
Couldn't open file progs.src
Error in cmdline on line 0
Args: fteqcc
FTEQCC: Nov 11 2016
Source file: progs.src

************ ERROR ************
Couldn't open file progs.src
Error in cmdline on line 0
Args: fteqcc
FTEQCC: Nov 11 2016
Source file: progs.src

************ ERROR ************
Couldn't open file progs.src
Error in cmdline on line 0
Args: fteqcc
FTEQCC: Nov 11 2016
Source file: progs.src

************ ERROR ************
Couldn't open file progs.src
Error in cmdline on line 0
Args: fteqcc
FTEQCC: Nov 11 2016
Source file: progs.src

************ ERROR ************
Couldn't open file progs.src
Error in cmdline on line 0
Args: fteqcc
FTEQCC: Nov 11 2016
Source file: progs.src

************ ERROR ************
Couldn't open file progs.src
Error in cmdline on line 0
Args: fteqcc
FTEQCC: Nov 11 2016
Source file: progs.src

************ ERROR ************
Couldn't open file progs.src
Error in cmdline on line 0
Args: fteqcc
FTEQCC: Nov 11 2016
Source file: progs.src

************ ERROR ************
Couldn't open file progs.src
Error in cmdline on line 0
Args: fteqcc
FTEQCC: Nov 11 2016
Source file: progs.src

************ ERROR ************
Couldn't open file progs.src
Error in cmdline on line 0
Args: fteqcc
FTEQCC: Nov 11 2016
Source file: progs.src

************ ERROR ************
Couldn't open file progs.src
Error in cmdline on line 0
Args: fteqcc
FTEQCC: Nov 11 2016
Source file: progs.src

************ ERROR ************
Couldn't open file progs.src
Error in cmdline on line 0
Args: fteqcc
FTEQCC: Nov 11 2016
Source file: progs.src

************ ERROR ************
Couldn't open file progs.src
Error in cmdline on line 0
